e:\study@ucla\2017\spring\cs130\cs130-game\build2\tetrad-game.dir\debug\vc120.pdb
e:\study@ucla\2017\spring\cs130\cs130-game\build2\cmakefiles\generate.stamp
e:\study@ucla\2017\spring\cs130\cs130-game\build2\debug\tetrad-game.ilk
e:\study@ucla\2017\spring\cs130\cs130-game\build2\debug\tetrad-game.exe
e:\study@ucla\2017\spring\cs130\cs130-game\build2\debug\tetrad-game.pdb
e:\study@ucla\2017\spring\cs130\cs130-game\build2\tetrad-game.dir\debug\action_jump.obj
e:\study@ucla\2017\spring\cs130\cs130-game\build2\tetrad-game.dir\debug\action_pausegame.obj
e:\study@ucla\2017\spring\cs130\cs130-game\build2\tetrad-game.dir\debug\base.obj
e:\study@ucla\2017\spring\cs130\cs130-game\build2\tetrad-game.dir\debug\cameracomponent.obj
e:\study@ucla\2017\spring\cs130\cs130-game\build2\tetrad-game.dir\debug\componentmanager.obj
e:\study@ucla\2017\spring\cs130\cs130-game\build2\tetrad-game.dir\debug\drawcomponent.obj
e:\study@ucla\2017\spring\cs130\cs130-game\build2\tetrad-game.dir\debug\drawsystem.obj
e:\study@ucla\2017\spring\cs130\cs130-game\build2\tetrad-game.dir\debug\entitymanager.obj
e:\study@ucla\2017\spring\cs130\cs130-game\build2\tetrad-game.dir\debug\errorsystem.obj
e:\study@ucla\2017\spring\cs130\cs130-game\build2\tetrad-game.dir\debug\eventqueue.obj
e:\study@ucla\2017\spring\cs130\cs130-game\build2\tetrad-game.dir\debug\eventsystem.obj
e:\study@ucla\2017\spring\cs130\cs130-game\build2\tetrad-game.dir\debug\game.obj
e:\study@ucla\2017\spring\cs130\cs130-game\build2\tetrad-game.dir\debug\isystem.obj
e:\study@ucla\2017\spring\cs130\cs130-game\build2\tetrad-game.dir\debug\logsystem.obj
e:\study@ucla\2017\spring\cs130\cs130-game\build2\tetrad-game.dir\debug\main.obj
e:\study@ucla\2017\spring\cs130\cs130-game\build2\tetrad-game.dir\debug\materialcomponent.obj
e:\study@ucla\2017\spring\cs130\cs130-game\build2\tetrad-game.dir\debug\movablecomponent.obj
e:\study@ucla\2017\spring\cs130\cs130-game\build2\tetrad-game.dir\debug\observercomponent.obj
e:\study@ucla\2017\spring\cs130\cs130-game\build2\tetrad-game.dir\debug\package.obj
e:\study@ucla\2017\spring\cs130\cs130-game\build2\tetrad-game.dir\debug\packageformat.obj
e:\study@ucla\2017\spring\cs130\cs130-game\build2\tetrad-game.dir\debug\physicscomponent.obj
e:\study@ucla\2017\spring\cs130\cs130-game\build2\tetrad-game.dir\debug\physicssystem.obj
e:\study@ucla\2017\spring\cs130\cs130-game\build2\tetrad-game.dir\debug\platform.obj
e:\study@ucla\2017\spring\cs130\cs130-game\build2\tetrad-game.dir\debug\rand.obj
e:\study@ucla\2017\spring\cs130\cs130-game\build2\tetrad-game.dir\debug\resourcemanager.obj
e:\study@ucla\2017\spring\cs130\cs130-game\build2\tetrad-game.dir\debug\shaderprogram.obj
e:\study@ucla\2017\spring\cs130\cs130-game\build2\tetrad-game.dir\debug\soundcomponent.obj
e:\study@ucla\2017\spring\cs130\cs130-game\build2\tetrad-game.dir\debug\soundsystem.obj
e:\study@ucla\2017\spring\cs130\cs130-game\build2\tetrad-game.dir\debug\tetradgame.obj
e:\study@ucla\2017\spring\cs130\cs130-game\build2\tetrad-game.dir\debug\timer.obj
e:\study@ucla\2017\spring\cs130\cs130-game\build2\tetrad-game.dir\debug\transformcomponent.obj
e:\study@ucla\2017\spring\cs130\cs130-game\build2\tetrad-game.dir\debug\types.obj
e:\study@ucla\2017\spring\cs130\cs130-game\build2\tetrad-game.dir\debug\tetrad-game.tlog\cl.command.1.tlog
e:\study@ucla\2017\spring\cs130\cs130-game\build2\tetrad-game.dir\debug\tetrad-game.tlog\cl.read.1.tlog
e:\study@ucla\2017\spring\cs130\cs130-game\build2\tetrad-game.dir\debug\tetrad-game.tlog\cl.write.1.tlog
e:\study@ucla\2017\spring\cs130\cs130-game\build2\tetrad-game.dir\debug\tetrad-game.tlog\custombuild.command.1.tlog
e:\study@ucla\2017\spring\cs130\cs130-game\build2\tetrad-game.dir\debug\tetrad-game.tlog\custombuild.read.1.tlog
e:\study@ucla\2017\spring\cs130\cs130-game\build2\tetrad-game.dir\debug\tetrad-game.tlog\custombuild.write.1.tlog
e:\study@ucla\2017\spring\cs130\cs130-game\build2\tetrad-game.dir\debug\tetrad-game.tlog\link.command.1.tlog
e:\study@ucla\2017\spring\cs130\cs130-game\build2\tetrad-game.dir\debug\tetrad-game.tlog\link.read.1.tlog
e:\study@ucla\2017\spring\cs130\cs130-game\build2\tetrad-game.dir\debug\tetrad-game.tlog\link.write.1.tlog
